2026-02-03 23:13:16,465 - __main__ - INFO - main.py:37 - Initializing Zoom Agent Bot...
2026-02-03 23:13:16,639 - __main__ - ERROR - main.py:153 - Error in main loop: AsyncClient.__init__() got an unexpected keyword argument 'proxies'
2026-02-03 23:13:16,640 - __main__ - INFO - main.py:159 - Shutting down...
2026-02-03 23:13:16,640 - __main__ - INFO - main.py:182 - Shutdown complete
2026-02-03 23:14:28,422 - __main__ - INFO - main.py:37 - Initializing Zoom Agent Bot...
2026-02-03 23:14:28,601 - __main__ - ERROR - main.py:153 - Error in main loop: AsyncClient.__init__() got an unexpected keyword argument 'proxies'
2026-02-03 23:14:28,601 - __main__ - INFO - main.py:159 - Shutting down...
2026-02-03 23:14:28,601 - __main__ - INFO - main.py:182 - Shutdown complete
2026-02-03 23:16:09,382 - __main__ - INFO - main.py:37 - Initializing Zoom Agent Bot...
2026-02-03 23:16:09,551 - __main__ - ERROR - main.py:153 - Error in main loop: AsyncClient.__init__() got an unexpected keyword argument 'proxies'
2026-02-03 23:16:09,551 - __main__ - INFO - main.py:159 - Shutting down...
2026-02-03 23:16:09,551 - __main__ - INFO - main.py:182 - Shutdown complete
2026-02-03 23:18:24,759 - __main__ - INFO - main.py:37 - Initializing Zoom Agent Bot...
2026-02-03 23:18:25,646 - __main__ - ERROR - main.py:153 - Error in main loop: AsyncClient.__init__() got an unexpected keyword argument 'proxies'
2026-02-03 23:18:25,646 - __main__ - INFO - main.py:159 - Shutting down...
2026-02-03 23:18:25,647 - __main__ - INFO - main.py:182 - Shutdown complete
2026-02-03 23:22:08,854 - __main__ - INFO - main.py:49 - Initializing Zoom Agent Bot...
2026-02-03 23:22:09,019 - __main__ - ERROR - main.py:141 - Error in main loop: AsyncClient.__init__() got an unexpected keyword argument 'proxies'
2026-02-03 23:22:09,025 - __main__ - INFO - main.py:147 - Shutting down...
2026-02-03 23:22:09,025 - __main__ - INFO - main.py:174 - Shutdown complete
2026-02-03 23:24:43,258 - __main__ - ERROR - main.py:44 - Failed to load required components
2026-02-03 23:25:49,682 - __main__ - ERROR - main.py:44 - Failed to load required components
2026-02-03 23:26:22,551 - __main__ - ERROR - main.py:44 - Failed to load required components
2026-02-03 23:27:10,879 - __main__ - INFO - main.py:49 - Initializing Zoom Agent Bot...
2026-02-03 23:27:11,393 - __main__ - INFO - main.py:78 - All components initialized successfully
2026-02-03 23:27:11,393 - __main__ - INFO - main.py:120 - Bot is running. Press Ctrl+C to stop.
2026-02-03 23:27:11,394 - __main__ - INFO - main.py:83 - Starting meeting flow...
2026-02-03 23:28:29,842 - __main__ - INFO - main.py:100 - Meeting flow started successfully
2026-02-03 23:29:34,786 - __main__ - INFO - main.py:109 - Shutdown signal received
2026-02-03 23:29:44,456 - __main__ - INFO - main.py:49 - Initializing Zoom Agent Bot...
2026-02-03 23:29:44,991 - __main__ - INFO - main.py:78 - All components initialized successfully
2026-02-03 23:29:44,991 - __main__ - INFO - main.py:120 - Bot is running. Press Ctrl+C to stop.
2026-02-03 23:29:44,992 - __main__ - INFO - main.py:83 - Starting meeting flow...
2026-02-03 23:31:01,396 - __main__ - INFO - main.py:100 - Meeting flow started successfully
2026-02-03 23:33:46,677 - __main__ - INFO - main.py:49 - Initializing Zoom Agent Bot...
2026-02-03 23:33:49,020 - __main__ - INFO - main.py:78 - All components initialized successfully
2026-02-03 23:33:49,020 - __main__ - INFO - main.py:120 - Bot is running. Press Ctrl+C to stop.
2026-02-03 23:33:49,021 - __main__ - INFO - main.py:83 - Starting meeting flow...
2026-02-03 23:36:01,247 - __main__ - INFO - main.py:48 - Initializing Zoom Agent Bot...
2026-02-03 23:36:01,769 - __main__ - INFO - main.py:77 - All components initialized successfully
2026-02-03 23:36:01,769 - __main__ - INFO - main.py:124 - Bot is running. Press Ctrl+C to stop.
2026-02-03 23:36:01,770 - __main__ - INFO - main.py:82 - Starting meeting flow...
2026-02-03 23:37:29,449 - __main__ - INFO - main.py:96 - Meeting flow started successfully
