2026-02-03 23:27:11,392 - zoom_integration.zoom_client - INFO - zoom_client.py:118 - ZoomClient initialized
2026-02-03 23:27:11,394 - zoom_integration.zoom_client - INFO - zoom_client.py:173 - Connecting to Zoom meeting: https://zoom.us/j/779 8332 6041
2026-02-03 23:27:11,394 - zoom_integration.zoom_client - INFO - zoom_client.py:225 - Initializing Chrome driver...
2026-02-03 23:27:15,807 - zoom_integration.zoom_client - INFO - zoom_client.py:243 - Chrome driver initialized successfully
2026-02-03 23:27:21,887 - zoom_integration.zoom_client - INFO - zoom_client.py:251 - Handling login scenarios...
2026-02-03 23:28:12,632 - zoom_integration.zoom_client - WARNING - zoom_client.py:307 - Meeting interface not loaded within timeout
2026-02-03 23:28:27,691 - zoom_integration.zoom_client - ERROR - zoom_client.py:215 - Failed to connect to Zoom: Could not verify meeting join
2026-02-03 23:28:27,692 - zoom_integration.zoom_client - INFO - zoom_client.py:424 - Disconnecting Chrome driver...
2026-02-03 23:28:29,842 - zoom_integration.zoom_client - INFO - zoom_client.py:427 - Chrome driver disconnected
2026-02-03 23:28:29,842 - zoom_integration.zoom_client - ERROR - zoom_client.py:343 - Not in meeting, cannot start screen share
2026-02-03 23:28:29,842 - zoom_integration.zoom_client - INFO - zoom_client.py:450 - Starting connection monitor...
2026-02-03 23:29:44,989 - zoom_integration.zoom_client - INFO - zoom_client.py:118 - ZoomClient initialized
2026-02-03 23:29:44,992 - zoom_integration.zoom_client - INFO - zoom_client.py:173 - Connecting to Zoom meeting: https://zoom.us/j/779 8332 6041
2026-02-03 23:29:44,992 - zoom_integration.zoom_client - INFO - zoom_client.py:225 - Initializing Chrome driver...
2026-02-03 23:29:47,266 - zoom_integration.zoom_client - INFO - zoom_client.py:243 - Chrome driver initialized successfully
2026-02-03 23:29:53,123 - zoom_integration.zoom_client - INFO - zoom_client.py:251 - Handling login scenarios...
2026-02-03 23:30:43,795 - zoom_integration.zoom_client - WARNING - zoom_client.py:307 - Meeting interface not loaded within timeout
2026-02-03 23:30:58,844 - zoom_integration.zoom_client - INFO - zoom_client.py:324 - URL indicates we're in meeting
2026-02-03 23:30:58,844 - zoom_integration.zoom_client - INFO - zoom_client.py:198 - Successfully connected to Zoom meeting
2026-02-03 23:30:58,845 - zoom_integration.zoom_client - ERROR - zoom_client.py:215 - Failed to connect to Zoom: 'str' object has no attribute 'value'
2026-02-03 23:30:58,845 - zoom_integration.zoom_client - INFO - zoom_client.py:424 - Disconnecting Chrome driver...
2026-02-03 23:31:01,395 - zoom_integration.zoom_client - INFO - zoom_client.py:427 - Chrome driver disconnected
2026-02-03 23:31:01,395 - zoom_integration.zoom_client - ERROR - zoom_client.py:343 - Not in meeting, cannot start screen share
2026-02-03 23:31:01,396 - zoom_integration.zoom_client - INFO - zoom_client.py:450 - Starting connection monitor...
